<?xml version="1.0" encoding="UTF-8"?>
<coverage generated="1671634124093" clover="3.2.0">
  <project timestamp="1671634124094" name="All files">
    <metrics statements="60" coveredstatements="59" conditionals="21" coveredconditionals="19" methods="20" coveredmethods="20" elements="101" coveredelements="98" complexity="0" loc="60" ncloc="60" packages="1" files="5" classes="5"/>
    <file name="Coupon.js" path="/home/alison/Documentos/cleancode/dist/src/Coupon.js">
      <metrics statements="5" coveredstatements="5" conditionals="0" coveredconditionals="0" methods="2" coveredmethods="2"/>
      <line num="2" count="1" type="stmt"/>
      <line num="5" count="1" type="stmt"/>
      <line num="6" count="1" type="stmt"/>
      <line num="9" count="1" type="stmt"/>
      <line num="12" count="1" type="stmt"/>
    </file>
    <file name="Cpf.js" path="/home/alison/Documentos/cleancode/dist/src/Cpf.js">
      <metrics statements="28" coveredstatements="27" conditionals="12" coveredconditionals="11" methods="9" coveredmethods="9"/>
      <line num="2" count="2" type="stmt"/>
      <line num="5" count="7" type="stmt"/>
      <line num="6" count="7" type="stmt"/>
      <line num="7" count="7" type="cond" truecount="2" falsecount="0"/>
      <line num="8" count="4" type="stmt"/>
      <line num="9" count="3" type="stmt"/>
      <line num="12" count="7" type="cond" truecount="1" falsecount="1"/>
      <line num="13" count="0" type="stmt"/>
      <line num="14" count="7" type="stmt"/>
      <line num="15" count="7" type="cond" truecount="4" falsecount="0"/>
      <line num="16" count="4" type="stmt"/>
      <line num="17" count="3" type="stmt"/>
      <line num="18" count="3" type="stmt"/>
      <line num="19" count="3" type="stmt"/>
      <line num="20" count="3" type="stmt"/>
      <line num="21" count="3" type="stmt"/>
      <line num="24" count="7" type="stmt"/>
      <line num="27" count="7" type="stmt"/>
      <line num="30" count="7" type="stmt"/>
      <line num="31" count="50" type="stmt"/>
      <line num="34" count="6" type="stmt"/>
      <line num="35" count="66" type="cond" truecount="2" falsecount="0"/>
      <line num="36" count="57" type="stmt"/>
      <line num="37" count="66" type="stmt"/>
      <line num="39" count="6" type="stmt"/>
      <line num="40" count="6" type="cond" truecount="2" falsecount="0"/>
      <line num="43" count="3" type="stmt"/>
      <line num="46" count="2" type="stmt"/>
    </file>
    <file name="Item.js" path="/home/alison/Documentos/cleancode/dist/src/Item.js">
      <metrics statements="5" coveredstatements="5" conditionals="0" coveredconditionals="0" methods="1" coveredmethods="1"/>
      <line num="2" count="1" type="stmt"/>
      <line num="5" count="6" type="stmt"/>
      <line num="6" count="6" type="stmt"/>
      <line num="7" count="6" type="stmt"/>
      <line num="10" count="1" type="stmt"/>
    </file>
    <file name="Order.js" path="/home/alison/Documentos/cleancode/dist/src/Order.js">
      <metrics statements="16" coveredstatements="16" conditionals="9" coveredconditionals="8" methods="6" coveredmethods="6"/>
      <line num="2" count="1" type="cond" truecount="3" falsecount="0"/>
      <line num="3" count="2" type="cond" truecount="3" falsecount="1"/>
      <line num="5" count="1" type="stmt"/>
      <line num="6" count="1" type="stmt"/>
      <line num="7" count="1" type="stmt"/>
      <line num="10" count="3" type="stmt"/>
      <line num="11" count="2" type="stmt"/>
      <line num="14" count="6" type="stmt"/>
      <line num="17" count="1" type="stmt"/>
      <line num="20" count="2" type="stmt"/>
      <line num="21" count="6" type="stmt"/>
      <line num="22" count="6" type="stmt"/>
      <line num="24" count="2" type="cond" truecount="2" falsecount="0"/>
      <line num="25" count="1" type="stmt"/>
      <line num="26" count="2" type="stmt"/>
      <line num="29" count="1" type="stmt"/>
    </file>
    <file name="OrderItem.js" path="/home/alison/Documentos/cleancode/dist/src/OrderItem.js">
      <metrics statements="6" coveredstatements="6" conditionals="0" coveredconditionals="0" methods="2" coveredmethods="2"/>
      <line num="2" count="1" type="stmt"/>
      <line num="5" count="6" type="stmt"/>
      <line num="6" count="6" type="stmt"/>
      <line num="7" count="6" type="stmt"/>
      <line num="10" count="6" type="stmt"/>
      <line num="13" count="1" type="stmt"/>
    </file>
  </project>
</coverage>
