{"/home/alison/Documentos/cleancode/dist/src/Coupon.js": {"path":"/home/alison/Documentos/cleancode/dist/src/Coupon.js","statementMap":{"0":{"start":{"line":2,"column":0},"end":{"line":2,"column":62}},"1":{"start":{"line":5,"column":8},"end":{"line":5,"column":25}},"2":{"start":{"line":6,"column":8},"end":{"line":6,"column":37}},"3":{"start":{"line":9,"column":8},"end":{"line":9,"column":47}},"4":{"start":{"line":12,"column":0},"end":{"line":12,"column":25}}},"fnMap":{"0":{"name":"(anonymous_0)","decl":{"start":{"line":4,"column":4},"end":{"line":4,"column":5}},"loc":{"start":{"line":4,"column":34},"end":{"line":7,"column":5}},"line":4},"1":{"name":"(anonymous_1)","decl":{"start":{"line":8,"column":4},"end":{"line":8,"column":5}},"loc":{"start":{"line":8,"column":29},"end":{"line":10,"column":5}},"line":8}},"branchMap":{},"s":{"0":1,"1":1,"2":1,"3":1,"4":1},"f":{"0":1,"1":1},"b":{},"inputSourceMap":null,"_coverageSchema":"1a1c01bbd47fc00a2c39e90264f33305004495a9","hash":"2b4a2b30f3c99f3c2b414152268d60a70003fea2"}
,"/home/alison/Documentos/cleancode/dist/src/Cpf.js": {"path":"/home/alison/Documentos/cleancode/dist/src/Cpf.js","statementMap":{"0":{"start":{"line":2,"column":0},"end":{"line":2,"column":62}},"1":{"start":{"line":5,"column":8},"end":{"line":5,"column":37}},"2":{"start":{"line":6,"column":8},"end":{"line":6,"column":38}},"3":{"start":{"line":7,"column":8},"end":{"line":8,"column":44}},"4":{"start":{"line":8,"column":12},"end":{"line":8,"column":44}},"5":{"start":{"line":9,"column":8},"end":{"line":9,"column":27}},"6":{"start":{"line":12,"column":8},"end":{"line":13,"column":25}},"7":{"start":{"line":13,"column":12},"end":{"line":13,"column":25}},"8":{"start":{"line":14,"column":20},"end":{"line":14,"column":41}},"9":{"start":{"line":15,"column":8},"end":{"line":16,"column":25}},"10":{"start":{"line":16,"column":12},"end":{"line":16,"column":25}},"11":{"start":{"line":17,"column":38},"end":{"line":17,"column":92}},"12":{"start":{"line":18,"column":38},"end":{"line":18,"column":93}},"13":{"start":{"line":19,"column":25},"end":{"line":19,"column":53}},"14":{"start":{"line":20,"column":37},"end":{"line":20,"column":87}},"15":{"start":{"line":21,"column":8},"end":{"line":21,"column":50}},"16":{"start":{"line":24,"column":8},"end":{"line":24,"column":38}},"17":{"start":{"line":27,"column":8},"end":{"line":27,"column":33}},"18":{"start":{"line":30,"column":29},"end":{"line":30,"column":32}},"19":{"start":{"line":31,"column":8},"end":{"line":31,"column":61}},"20":{"start":{"line":31,"column":39},"end":{"line":31,"column":59}},"21":{"start":{"line":34,"column":22},"end":{"line":38,"column":13}},"22":{"start":{"line":35,"column":12},"end":{"line":36,"column":52}},"23":{"start":{"line":36,"column":16},"end":{"line":36,"column":52}},"24":{"start":{"line":37,"column":12},"end":{"line":37,"column":25}},"25":{"start":{"line":39,"column":21},"end":{"line":39,"column":31}},"26":{"start":{"line":40,"column":8},"end":{"line":40,"column":42}},"27":{"start":{"line":43,"column":8},"end":{"line":43,"column":29}},"28":{"start":{"line":46,"column":0},"end":{"line":46,"column":22}}},"fnMap":{"0":{"name":"(anonymous_0)","decl":{"start":{"line":4,"column":4},"end":{"line":4,"column":5}},"loc":{"start":{"line":4,"column":23},"end":{"line":10,"column":5}},"line":4},"1":{"name":"(anonymous_1)","decl":{"start":{"line":11,"column":4},"end":{"line":11,"column":5}},"loc":{"start":{"line":11,"column":21},"end":{"line":22,"column":5}},"line":11},"2":{"name":"(anonymous_2)","decl":{"start":{"line":23,"column":4},"end":{"line":23,"column":5}},"loc":{"start":{"line":23,"column":18},"end":{"line":25,"column":5}},"line":23},"3":{"name":"(anonymous_3)","decl":{"start":{"line":26,"column":4},"end":{"line":26,"column":5}},"loc":{"start":{"line":26,"column":28},"end":{"line":28,"column":5}},"line":26},"4":{"name":"(anonymous_4)","decl":{"start":{"line":29,"column":4},"end":{"line":29,"column":5}},"loc":{"start":{"line":29,"column":27},"end":{"line":32,"column":5}},"line":29},"5":{"name":"(anonymous_5)","decl":{"start":{"line":31,"column":30},"end":{"line":31,"column":31}},"loc":{"start":{"line":31,"column":39},"end":{"line":31,"column":59}},"line":31},"6":{"name":"(anonymous_6)","decl":{"start":{"line":33,"column":4},"end":{"line":33,"column":5}},"loc":{"start":{"line":33,"column":37},"end":{"line":41,"column":5}},"line":33},"7":{"name":"(anonymous_7)","decl":{"start":{"line":34,"column":38},"end":{"line":34,"column":39}},"loc":{"start":{"line":34,"column":56},"end":{"line":38,"column":9}},"line":34},"8":{"name":"(anonymous_8)","decl":{"start":{"line":42,"column":4},"end":{"line":42,"column":5}},"loc":{"start":{"line":42,"column":28},"end":{"line":44,"column":5}},"line":42}},"branchMap":{"0":{"loc":{"start":{"line":7,"column":8},"end":{"line":8,"column":44}},"type":"if","locations":[{"start":{"line":7,"column":8},"end":{"line":8,"column":44}},{"start":{},"end":{}}],"line":7},"1":{"loc":{"start":{"line":12,"column":8},"end":{"line":13,"column":25}},"type":"if","locations":[{"start":{"line":12,"column":8},"end":{"line":13,"column":25}},{"start":{},"end":{}}],"line":12},"2":{"loc":{"start":{"line":15,"column":8},"end":{"line":16,"column":25}},"type":"if","locations":[{"start":{"line":15,"column":8},"end":{"line":16,"column":25}},{"start":{},"end":{}}],"line":15},"3":{"loc":{"start":{"line":15,"column":12},"end":{"line":15,"column":71}},"type":"binary-expr","locations":[{"start":{"line":15,"column":12},"end":{"line":15,"column":40}},{"start":{"line":15,"column":44},"end":{"line":15,"column":71}}],"line":15},"4":{"loc":{"start":{"line":35,"column":12},"end":{"line":36,"column":52}},"type":"if","locations":[{"start":{"line":35,"column":12},"end":{"line":36,"column":52}},{"start":{},"end":{}}],"line":35},"5":{"loc":{"start":{"line":40,"column":15},"end":{"line":40,"column":41}},"type":"cond-expr","locations":[{"start":{"line":40,"column":28},"end":{"line":40,"column":29}},{"start":{"line":40,"column":32},"end":{"line":40,"column":41}}],"line":40}},"s":{"0":2,"1":7,"2":7,"3":7,"4":4,"5":3,"6":7,"7":0,"8":7,"9":7,"10":4,"11":3,"12":3,"13":3,"14":3,"15":3,"16":7,"17":7,"18":7,"19":7,"20":50,"21":6,"22":66,"23":57,"24":66,"25":6,"26":6,"27":3,"28":2},"f":{"0":7,"1":7,"2":7,"3":7,"4":7,"5":50,"6":6,"7":66,"8":3},"b":{"0":[4,3],"1":[0,7],"2":[4,3],"3":[7,7],"4":[57,9],"5":[3,3]},"inputSourceMap":null,"_coverageSchema":"1a1c01bbd47fc00a2c39e90264f33305004495a9","hash":"1fb926c767715ed12de4550937e7a6ba31c5d454"}
,"/home/alison/Documentos/cleancode/dist/src/Item.js": {"path":"/home/alison/Documentos/cleancode/dist/src/Item.js","statementMap":{"0":{"start":{"line":2,"column":0},"end":{"line":2,"column":62}},"1":{"start":{"line":5,"column":8},"end":{"line":5,"column":29}},"2":{"start":{"line":6,"column":8},"end":{"line":6,"column":39}},"3":{"start":{"line":7,"column":8},"end":{"line":7,"column":27}},"4":{"start":{"line":10,"column":0},"end":{"line":10,"column":23}}},"fnMap":{"0":{"name":"(anonymous_0)","decl":{"start":{"line":4,"column":4},"end":{"line":4,"column":5}},"loc":{"start":{"line":4,"column":44},"end":{"line":8,"column":5}},"line":4}},"branchMap":{},"s":{"0":1,"1":6,"2":6,"3":6,"4":1},"f":{"0":6},"b":{},"inputSourceMap":null,"_coverageSchema":"1a1c01bbd47fc00a2c39e90264f33305004495a9","hash":"feb66337dea605167a7b6a25be167e8a81b8665e"}
,"/home/alison/Documentos/cleancode/dist/src/Order.js": {"path":"/home/alison/Documentos/cleancode/dist/src/Order.js","statementMap":{"0":{"start":{"line":2,"column":22},"end":{"line":4,"column":1}},"1":{"start":{"line":3,"column":4},"end":{"line":3,"column":62}},"2":{"start":{"line":5,"column":0},"end":{"line":5,"column":62}},"3":{"start":{"line":6,"column":14},"end":{"line":6,"column":47}},"4":{"start":{"line":7,"column":20},"end":{"line":7,"column":59}},"5":{"start":{"line":10,"column":8},"end":{"line":10,"column":42}},"6":{"start":{"line":11,"column":8},"end":{"line":11,"column":29}},"7":{"start":{"line":14,"column":8},"end":{"line":14,"column":89}},"8":{"start":{"line":17,"column":8},"end":{"line":17,"column":29}},"9":{"start":{"line":20,"column":20},"end":{"line":23,"column":13}},"10":{"start":{"line":21,"column":12},"end":{"line":21,"column":42}},"11":{"start":{"line":22,"column":12},"end":{"line":22,"column":25}},"12":{"start":{"line":24,"column":8},"end":{"line":25,"column":58}},"13":{"start":{"line":25,"column":12},"end":{"line":25,"column":58}},"14":{"start":{"line":26,"column":8},"end":{"line":26,"column":21}},"15":{"start":{"line":29,"column":0},"end":{"line":29,"column":24}}},"fnMap":{"0":{"name":"(anonymous_0)","decl":{"start":{"line":2,"column":56},"end":{"line":2,"column":57}},"loc":{"start":{"line":2,"column":71},"end":{"line":4,"column":1}},"line":2},"1":{"name":"(anonymous_1)","decl":{"start":{"line":9,"column":4},"end":{"line":9,"column":5}},"loc":{"start":{"line":9,"column":21},"end":{"line":12,"column":5}},"line":9},"2":{"name":"(anonymous_2)","decl":{"start":{"line":13,"column":4},"end":{"line":13,"column":5}},"loc":{"start":{"line":13,"column":28},"end":{"line":15,"column":5}},"line":13},"3":{"name":"(anonymous_3)","decl":{"start":{"line":16,"column":4},"end":{"line":16,"column":5}},"loc":{"start":{"line":16,"column":22},"end":{"line":18,"column":5}},"line":16},"4":{"name":"(anonymous_4)","decl":{"start":{"line":19,"column":4},"end":{"line":19,"column":5}},"loc":{"start":{"line":19,"column":15},"end":{"line":27,"column":5}},"line":19},"5":{"name":"(anonymous_5)","decl":{"start":{"line":20,"column":43},"end":{"line":20,"column":44}},"loc":{"start":{"line":20,"column":65},"end":{"line":23,"column":9}},"line":20}},"branchMap":{"0":{"loc":{"start":{"line":2,"column":22},"end":{"line":4,"column":1}},"type":"binary-expr","locations":[{"start":{"line":2,"column":23},"end":{"line":2,"column":27}},{"start":{"line":2,"column":31},"end":{"line":2,"column":51}},{"start":{"line":2,"column":56},"end":{"line":4,"column":1}}],"line":2},"1":{"loc":{"start":{"line":3,"column":11},"end":{"line":3,"column":61}},"type":"cond-expr","locations":[{"start":{"line":3,"column":37},"end":{"line":3,"column":40}},{"start":{"line":3,"column":43},"end":{"line":3,"column":61}}],"line":3},"2":{"loc":{"start":{"line":3,"column":12},"end":{"line":3,"column":33}},"type":"binary-expr","locations":[{"start":{"line":3,"column":12},"end":{"line":3,"column":15}},{"start":{"line":3,"column":19},"end":{"line":3,"column":33}}],"line":3},"3":{"loc":{"start":{"line":24,"column":8},"end":{"line":25,"column":58}},"type":"if","locations":[{"start":{"line":24,"column":8},"end":{"line":25,"column":58}},{"start":{},"end":{}}],"line":24}},"s":{"0":1,"1":2,"2":1,"3":1,"4":1,"5":3,"6":2,"7":6,"8":1,"9":2,"10":6,"11":6,"12":2,"13":1,"14":2,"15":1},"f":{"0":2,"1":3,"2":6,"3":1,"4":2,"5":6},"b":{"0":[1,1,1],"1":[2,0],"2":[2,2],"3":[1,1]},"inputSourceMap":null,"_coverageSchema":"1a1c01bbd47fc00a2c39e90264f33305004495a9","hash":"d9cac2ec1606713f7751174854c2e89770f6de98"}
,"/home/alison/Documentos/cleancode/dist/src/OrderItem.js": {"path":"/home/alison/Documentos/cleancode/dist/src/OrderItem.js","statementMap":{"0":{"start":{"line":2,"column":0},"end":{"line":2,"column":62}},"1":{"start":{"line":5,"column":8},"end":{"line":5,"column":29}},"2":{"start":{"line":6,"column":8},"end":{"line":6,"column":27}},"3":{"start":{"line":7,"column":8},"end":{"line":7,"column":33}},"4":{"start":{"line":10,"column":8},"end":{"line":10,"column":42}},"5":{"start":{"line":13,"column":0},"end":{"line":13,"column":28}}},"fnMap":{"0":{"name":"(anonymous_0)","decl":{"start":{"line":4,"column":4},"end":{"line":4,"column":5}},"loc":{"start":{"line":4,"column":41},"end":{"line":8,"column":5}},"line":4},"1":{"name":"(anonymous_1)","decl":{"start":{"line":9,"column":4},"end":{"line":9,"column":5}},"loc":{"start":{"line":9,"column":15},"end":{"line":11,"column":5}},"line":9}},"branchMap":{},"s":{"0":1,"1":6,"2":6,"3":6,"4":6,"5":1},"f":{"0":6,"1":6},"b":{},"inputSourceMap":null,"_coverageSchema":"1a1c01bbd47fc00a2c39e90264f33305004495a9","hash":"28b91f509345ad0563307fe8a8c2079c275f4978"}
}
