{"/home/alison/Documentos/cleancode/dist/src/cpf.js": {"path":"/home/alison/Documentos/cleancode/dist/src/cpf.js","statementMap":{"0":{"start":{"line":2,"column":0},"end":{"line":2,"column":62}},"1":{"start":{"line":3,"column":0},"end":{"line":3,"column":26}},"2":{"start":{"line":6,"column":4},"end":{"line":57,"column":21}},"3":{"start":{"line":7,"column":8},"end":{"line":54,"column":9}},"4":{"start":{"line":8,"column":12},"end":{"line":53,"column":29}},"5":{"start":{"line":9,"column":16},"end":{"line":13,"column":38}},"6":{"start":{"line":14,"column":16},"end":{"line":50,"column":33}},"7":{"start":{"line":14,"column":46},"end":{"line":14,"column":58}},"8":{"start":{"line":15,"column":20},"end":{"line":47,"column":21}},"9":{"start":{"line":20,"column":24},"end":{"line":20,"column":36}},"10":{"start":{"line":21,"column":24},"end":{"line":21,"column":45}},"11":{"start":{"line":22,"column":24},"end":{"line":30,"column":25}},"12":{"start":{"line":22,"column":42},"end":{"line":22,"column":43}},"13":{"start":{"line":26,"column":28},"end":{"line":26,"column":81}},"14":{"start":{"line":27,"column":28},"end":{"line":27,"column":61}},"15":{"start":{"line":28,"column":28},"end":{"line":28,"column":61}},"16":{"start":{"line":32,"column":24},"end":{"line":32,"column":41}},"17":{"start":{"line":33,"column":24},"end":{"line":33,"column":63}},"18":{"start":{"line":34,"column":24},"end":{"line":34,"column":38}},"19":{"start":{"line":35,"column":24},"end":{"line":35,"column":41}},"20":{"start":{"line":36,"column":24},"end":{"line":39,"column":44}},"21":{"start":{"line":37,"column":28},"end":{"line":37,"column":36}},"22":{"start":{"line":39,"column":28},"end":{"line":39,"column":44}},"23":{"start":{"line":40,"column":42},"end":{"line":40,"column":83}},"24":{"start":{"line":41,"column":24},"end":{"line":41,"column":57}},"25":{"start":{"line":42,"column":24},"end":{"line":42,"column":57}},"26":{"start":{"line":45,"column":24},"end":{"line":45,"column":52}},"27":{"start":{"line":46,"column":24},"end":{"line":46,"column":37}},"28":{"start":{"line":50,"column":20},"end":{"line":50,"column":33}},"29":{"start":{"line":53,"column":16},"end":{"line":53,"column":29}},"30":{"start":{"line":57,"column":8},"end":{"line":57,"column":21}},"31":{"start":{"line":59,"column":0},"end":{"line":59,"column":28}}},"fnMap":{"0":{"name":"validate","decl":{"start":{"line":5,"column":9},"end":{"line":5,"column":17}},"loc":{"start":{"line":5,"column":23},"end":{"line":58,"column":1}},"line":5},"1":{"name":"(anonymous_1)","decl":{"start":{"line":14,"column":41},"end":{"line":14,"column":42}},"loc":{"start":{"line":14,"column":46},"end":{"line":14,"column":58}},"line":14}},"branchMap":{"0":{"loc":{"start":{"line":6,"column":4},"end":{"line":57,"column":21}},"type":"if","locations":[{"start":{"line":6,"column":4},"end":{"line":57,"column":21}},{"start":{"line":57,"column":8},"end":{"line":57,"column":21}}],"line":6},"1":{"loc":{"start":{"line":7,"column":8},"end":{"line":54,"column":9}},"type":"if","locations":[{"start":{"line":7,"column":8},"end":{"line":54,"column":9}},{"start":{},"end":{}}],"line":7},"2":{"loc":{"start":{"line":8,"column":12},"end":{"line":53,"column":29}},"type":"if","locations":[{"start":{"line":8,"column":12},"end":{"line":53,"column":29}},{"start":{"line":53,"column":16},"end":{"line":53,"column":29}}],"line":8},"3":{"loc":{"start":{"line":8,"column":16},"end":{"line":8,"column":52}},"type":"binary-expr","locations":[{"start":{"line":8,"column":16},"end":{"line":8,"column":32}},{"start":{"line":8,"column":36},"end":{"line":8,"column":52}}],"line":8},"4":{"loc":{"start":{"line":14,"column":16},"end":{"line":50,"column":33}},"type":"if","locations":[{"start":{"line":14,"column":16},"end":{"line":50,"column":33}},{"start":{"line":50,"column":20},"end":{"line":50,"column":33}}],"line":14},"5":{"loc":{"start":{"line":33,"column":30},"end":{"line":33,"column":62}},"type":"cond-expr","locations":[{"start":{"line":33,"column":43},"end":{"line":33,"column":50}},{"start":{"line":33,"column":53},"end":{"line":33,"column":62}}],"line":33},"6":{"loc":{"start":{"line":36,"column":24},"end":{"line":39,"column":44}},"type":"if","locations":[{"start":{"line":36,"column":24},"end":{"line":39,"column":44}},{"start":{"line":39,"column":28},"end":{"line":39,"column":44}}],"line":36}},"s":{"0":1,"1":1,"2":3,"3":2,"4":2,"5":2,"6":2,"7":13,"8":1,"9":1,"10":1,"11":1,"12":1,"13":9,"14":9,"15":9,"16":1,"17":1,"18":1,"19":1,"20":1,"21":1,"22":0,"23":1,"24":1,"25":1,"26":0,"27":0,"28":1,"29":0,"30":1,"31":1},"f":{"0":3,"1":13},"b":{"0":[2,1],"1":[2,0],"2":[2,0],"3":[2,0],"4":[1,1],"5":[0,1],"6":[1,0]},"inputSourceMap":null,"_coverageSchema":"1a1c01bbd47fc00a2c39e90264f33305004495a9","hash":"54a14c18b642b2076ae02b4f3f274203be5aaa22"}
}
