TN:
SF:dist/src/cpf.js
FN:5,validate
FN:14,(anonymous_1)
FNF:2
FNH:2
FNDA:3,validate
FNDA:13,(anonymous_1)
DA:2,1
DA:3,1
DA:6,3
DA:7,2
DA:8,2
DA:9,2
DA:14,13
DA:15,1
DA:20,1
DA:21,1
DA:22,1
DA:26,9
DA:27,9
DA:28,9
DA:32,1
DA:33,1
DA:34,1
DA:35,1
DA:36,1
DA:37,1
DA:39,0
DA:40,1
DA:41,1
DA:42,1
DA:45,0
DA:46,0
DA:50,1
DA:53,0
DA:57,1
DA:59,1
LF:30
LH:26
BRDA:6,0,0,2
BRDA:6,0,1,1
BRDA:7,1,0,2
BRDA:7,1,1,0
BRDA:8,2,0,2
BRDA:8,2,1,0
BRDA:8,3,0,2
BRDA:8,3,1,0
BRDA:14,4,0,1
BRDA:14,4,1,1
BRDA:33,5,0,0
BRDA:33,5,1,1
BRDA:36,6,0,1
BRDA:36,6,1,0
BRF:14
BRH:9
end_of_record
