TN:
SF:dist/src/Coupon.js
FN:4,(anonymous_0)
FN:8,(anonymous_1)
FNF:2
FNH:2
FNDA:1,(anonymous_0)
FNDA:1,(anonymous_1)
DA:2,1
DA:5,1
DA:6,1
DA:9,1
DA:12,1
LF:5
LH:5
BRF:0
BRH:0
end_of_record
TN:
SF:dist/src/Cpf.js
FN:4,(anonymous_0)
FN:11,(anonymous_1)
FN:23,(anonymous_2)
FN:26,(anonymous_3)
FN:29,(anonymous_4)
FN:31,(anonymous_5)
FN:33,(anonymous_6)
FN:34,(anonymous_7)
FN:42,(anonymous_8)
FNF:9
FNH:9
FNDA:7,(anonymous_0)
FNDA:7,(anonymous_1)
FNDA:7,(anonymous_2)
FNDA:7,(anonymous_3)
FNDA:7,(anonymous_4)
FNDA:50,(anonymous_5)
FNDA:6,(anonymous_6)
FNDA:66,(anonymous_7)
FNDA:3,(anonymous_8)
DA:2,2
DA:5,7
DA:6,7
DA:7,7
DA:8,4
DA:9,3
DA:12,7
DA:13,0
DA:14,7
DA:15,7
DA:16,4
DA:17,3
DA:18,3
DA:19,3
DA:20,3
DA:21,3
DA:24,7
DA:27,7
DA:30,7
DA:31,50
DA:34,6
DA:35,66
DA:36,57
DA:37,66
DA:39,6
DA:40,6
DA:43,3
DA:46,2
LF:28
LH:27
BRDA:7,0,0,4
BRDA:7,0,1,3
BRDA:12,1,0,0
BRDA:12,1,1,7
BRDA:15,2,0,4
BRDA:15,2,1,3
BRDA:15,3,0,7
BRDA:15,3,1,7
BRDA:35,4,0,57
BRDA:35,4,1,9
BRDA:40,5,0,3
BRDA:40,5,1,3
BRF:12
BRH:11
end_of_record
TN:
SF:dist/src/Item.js
FN:4,(anonymous_0)
FNF:1
FNH:1
FNDA:6,(anonymous_0)
DA:2,1
DA:5,6
DA:6,6
DA:7,6
DA:10,1
LF:5
LH:5
BRF:0
BRH:0
end_of_record
TN:
SF:dist/src/Order.js
FN:2,(anonymous_0)
FN:9,(anonymous_1)
FN:13,(anonymous_2)
FN:16,(anonymous_3)
FN:19,(anonymous_4)
FN:20,(anonymous_5)
FNF:6
FNH:6
FNDA:2,(anonymous_0)
FNDA:3,(anonymous_1)
FNDA:6,(anonymous_2)
FNDA:1,(anonymous_3)
FNDA:2,(anonymous_4)
FNDA:6,(anonymous_5)
DA:2,1
DA:3,2
DA:5,1
DA:6,1
DA:7,1
DA:10,3
DA:11,2
DA:14,6
DA:17,1
DA:20,2
DA:21,6
DA:22,6
DA:24,2
DA:25,1
DA:26,2
DA:29,1
LF:16
LH:16
BRDA:2,0,0,1
BRDA:2,0,1,1
BRDA:2,0,2,1
BRDA:3,1,0,2
BRDA:3,1,1,0
BRDA:3,2,0,2
BRDA:3,2,1,2
BRDA:24,3,0,1
BRDA:24,3,1,1
BRF:9
BRH:8
end_of_record
TN:
SF:dist/src/OrderItem.js
FN:4,(anonymous_0)
FN:9,(anonymous_1)
FNF:2
FNH:2
FNDA:6,(anonymous_0)
FNDA:6,(anonymous_1)
DA:2,1
DA:5,6
DA:6,6
DA:7,6
DA:10,6
DA:13,1
LF:6
LH:6
BRF:0
BRH:0
end_of_record
